<?xml version="1.0" encoding="UTF-8"?>
<testng-results ignored="0" total="1" passed="1" failed="0" skipped="0">
  <reporter-output>
  </reporter-output>
  <suite started-at="2021-03-23T14:41:49Z" name="Default suite" finished-at="2021-03-23T14:41:55Z" duration-ms="5828">
    <groups>
    </groups>
    <test started-at="2021-03-23T14:41:49Z" name="Default test" finished-at="2021-03-23T14:41:55Z" duration-ms="5828">
      <class name="com.mvcstartertest.tests.QA_0001_AddFirstName_Test">
        <test-method is-config="true" signature="setUp(java.lang.String)[pri:0, instance:com.mvcstartertest.tests.QA_0001_AddFirstName_Test@616ac46a]" started-at="2021-03-23T15:41:49Z" name="setUp" finished-at="2021-03-23T15:41:55Z" duration-ms="5368" status="PASS">
          <params>
            <param index="0">
              <value>
                <![CDATA[chrome]]>
              </value>
            </param>
          </params>
          <reporter-output>
          </reporter-output>
        </test-method> <!-- setUp -->
        <test-method signature="qa_0000_addFirstName_test()[pri:0, instance:com.mvcstartertest.tests.QA_0001_AddFirstName_Test@616ac46a]" started-at="2021-03-23T15:41:55Z" name="qa_0000_addFirstName_test" finished-at="2021-03-23T15:41:55Z" duration-ms="446" status="PASS">
          <reporter-output>
          </reporter-output>
        </test-method> <!-- qa_0000_addFirstName_test -->
        <test-method is-config="true" signature="cleanUp()[pri:0, instance:com.mvcstartertest.tests.QA_0001_AddFirstName_Test@616ac46a]" started-at="2021-03-23T15:41:55Z" name="cleanUp" finished-at="2021-03-23T15:41:55Z" duration-ms="0" status="PASS">
          <reporter-output>
          </reporter-output>
        </test-method> <!-- cleanUp -->
      </class> <!-- com.mvcstartertest.tests.QA_0001_AddFirstName_Test -->
    </test> <!-- Default test -->
  </suite> <!-- Default suite -->
</testng-results>
